1653155516738	geckodriver	INFO	Listening on 127.0.0.1:47757
1653155517341	mozrunner::runner	INFO	Running command: "/usr/bin/firefox" "--marionette" "--remote-debugging-port" "35713" "--remote-allow-hosts" "localhost" "-no-remote" "-profile" "/tmp/rust_mozprofileMKzWAw"

(firefox:13679): Gtk-WARNING **: 14:51:57.575: Theme parsing error: gtk-contained-dark.css:2871:228: Missing closing bracket for :not()

(firefox:13679): Gtk-WARNING **: 14:51:59.675: Theme parsing error: gtk-contained-dark.css:2871:228: Missing closing bracket for :not()

(firefox:13679): Gtk-WARNING **: 14:52:00.077: Theme parsing error: gtk-contained-dark.css:2871:228: Missing closing bracket for :not()

(firefox:13679): Gtk-WARNING **: 14:52:00.355: Theme parsing error: gtk-contained-dark.css:2871:228: Missing closing bracket for :not()
ATTENTION: default value of option mesa_glthread overridden by environment.
ATTENTION: default value of option mesa_glthread overridden by environment.
ATTENTION: default value of option mesa_glthread overridden by environment.
ATTENTION: default value of option mesa_glthread overridden by environment.
1653155520828	Marionette	INFO	Marionette enabled
console.warn: SearchSettings: "get: No settings file exists, new profile?" (new NotFoundError("Could not open the file at /tmp/rust_mozprofileMKzWAw/search.json.mozlz4", (void 0)))
DevTools listening on ws://localhost:35713/devtools/browser/0628f0d4-9c43-4662-886d-7553af972eda
1653155525213	Marionette	INFO	Listening on port 36921
Read port: 36921
1653155525406	RemoteAgent	WARN	TLS certificate errors will be ignored for this session
JavaScript error: undefined, line 0: Error: hostname is undefined
JavaScript error: resource://gre/modules/ConduitsChild.jsm, line 112: Error: sendRemoveListener on closed conduit support@lastpass.com.137438953481
1653155528083	Marionette	INFO	Stopped listening on port 36921
console.warn: TopSitesFeed: Failed to fetch data from Contile server: NetworkError when attempting to fetch resource.
